[0m19:20:46.717016 [debug] [MainThread]: Sending event: {'category': 'dbt', 'action': 'invocation', 'label': 'start', 'context': [<snowplow_tracker.self_describing_json.SelfDescribingJson object at 0x105975510>, <snowplow_tracker.self_describing_json.SelfDescribingJson object at 0x105993210>, <snowplow_tracker.self_describing_json.SelfDescribingJson object at 0x105993d10>]}


============================== 19:20:46.720490 | 816bdb3d-7c9c-4247-9df4-8ac4b9b1eddc ==============================
[0m19:20:46.720490 [info ] [MainThread]: Running with dbt=1.8.7
[0m19:20:46.720822 [debug] [MainThread]: running dbt with arguments {'printer_width': '80', 'indirect_selection': 'eager', 'write_json': 'True', 'log_cache_events': 'False', 'partial_parse': 'True', 'cache_selected_only': 'False', 'warn_error': 'None', 'fail_fast': 'False', 'debug': 'False', 'log_path': 'logs', 'profiles_dir': '/Users/chancewiese/.dbt', 'version_check': 'True', 'use_colors': 'True', 'use_experimental_parser': 'False', 'no_print': 'None', 'quiet': 'False', 'empty': 'None', 'warn_error_options': 'WarnErrorOptions(include=[], exclude=[])', 'static_parser': 'True', 'invocation_command': 'dbt init', 'introspect': 'True', 'target_path': 'None', 'log_format': 'default', 'send_anonymous_usage_stats': 'True'}
[0m19:20:46.727327 [warn ] [MainThread]: [ConfigFolderDirectory]: Unable to parse logging event dictionary. Failed to parse dir field: expected string or bytes-like object, got 'PosixPath'.. Dictionary: {'dir': PosixPath('/Users/chancewiese/.dbt')}
[0m19:20:46.727613 [info ] [MainThread]: Creating dbt configuration folder at 
[0m19:21:04.439823 [debug] [MainThread]: Starter project path: /Users/chancewiese/.pyenv/versions/3.11.9/lib/python3.11/site-packages/dbt/include/starter_project
[0m19:21:04.451828 [info ] [MainThread]: 
Your new dbt project "wiese_dw" was created!

For more information on how to configure the profiles.yml file,
please consult the dbt documentation here:

  https://docs.getdbt.com/docs/configure-your-profile

One more thing:

Need help? Don't hesitate to reach out to us via GitHub issues or on Slack:

  https://community.getdbt.com/

Happy modeling!

[0m19:21:04.452508 [info ] [MainThread]: Setting up your profile.
[0m19:23:26.903843 [info ] [MainThread]: Profile wiese_dw written to /Users/chancewiese/.dbt/profiles.yml using target's profile_template.yml and your supplied values. Run 'dbt debug' to validate the connection.
[0m19:23:27.504875 [debug] [MainThread]: Resource report: {"command_name": "init", "command_success": true, "command_wall_clock_time": 160.82823, "process_user_time": 0.923169, "process_kernel_time": 0.228532, "process_mem_max_rss": "102072320", "process_in_blocks": "0", "process_out_blocks": "0"}
[0m19:23:27.507059 [debug] [MainThread]: Command `dbt init` succeeded at 19:23:27.506751 after 160.83 seconds
[0m19:23:27.508190 [debug] [MainThread]: Sending event: {'category': 'dbt', 'action': 'invocation', 'label': 'end', 'context': [<snowplow_tracker.self_describing_json.SelfDescribingJson object at 0x105976450>, <snowplow_tracker.self_describing_json.SelfDescribingJson object at 0x1002a1fd0>, <snowplow_tracker.self_describing_json.SelfDescribingJson object at 0x1003ff8d0>]}
[0m19:23:27.509131 [debug] [MainThread]: Flushing usage events
[0m19:23:41.768729 [debug] [MainThread]: Sending event: {'category': 'dbt', 'action': 'invocation', 'label': 'start', 'context': [<snowplow_tracker.self_describing_json.SelfDescribingJson object at 0x104003110>, <snowplow_tracker.self_describing_json.SelfDescribingJson object at 0x104005290>, <snowplow_tracker.self_describing_json.SelfDescribingJson object at 0x10402fa50>]}


============================== 19:23:41.772233 | 80ec48df-3870-4cfd-97da-83041b2b66e3 ==============================
[0m19:23:41.772233 [info ] [MainThread]: Running with dbt=1.8.7
[0m19:23:41.772554 [debug] [MainThread]: running dbt with arguments {'printer_width': '80', 'indirect_selection': 'eager', 'log_cache_events': 'False', 'write_json': 'True', 'partial_parse': 'True', 'cache_selected_only': 'False', 'profiles_dir': '/Users/chancewiese/.dbt', 'fail_fast': 'False', 'warn_error': 'None', 'log_path': 'logs', 'version_check': 'True', 'debug': 'False', 'use_colors': 'True', 'use_experimental_parser': 'False', 'no_print': 'None', 'quiet': 'False', 'empty': 'None', 'warn_error_options': 'WarnErrorOptions(include=[], exclude=[])', 'static_parser': 'True', 'log_format': 'default', 'introspect': 'True', 'target_path': 'None', 'invocation_command': 'dbt debug', 'send_anonymous_usage_stats': 'True'}
[0m19:23:41.780127 [info ] [MainThread]: dbt version: 1.8.7
[0m19:23:41.780491 [info ] [MainThread]: python version: 3.11.9
[0m19:23:41.780754 [info ] [MainThread]: python path: /Users/chancewiese/.pyenv/versions/3.11.9/bin/python3.11
[0m19:23:41.780933 [info ] [MainThread]: os info: macOS-15.0.1-arm64-arm-64bit
[0m19:23:41.946706 [info ] [MainThread]: Using profiles dir at /Users/chancewiese/.dbt
[0m19:23:41.947009 [info ] [MainThread]: Using profiles.yml file at /Users/chancewiese/.dbt/profiles.yml
[0m19:23:41.947159 [info ] [MainThread]: Using dbt_project.yml file at /Users/chancewiese/Local Documents/school/data-5360/dbt_project.yml
[0m19:23:41.947644 [info ] [MainThread]: adapter type: snowflake
[0m19:23:41.947824 [info ] [MainThread]: adapter version: 1.8.3
[0m19:23:41.947978 [info ] [MainThread]: Configuration:
[0m19:23:41.948117 [info ] [MainThread]:   profiles.yml file [[32mOK found and valid[0m]
[0m19:23:41.948245 [info ] [MainThread]:   dbt_project.yml file [[31mERROR not found[0m]
[0m19:23:41.948369 [info ] [MainThread]: Required dependencies:
[0m19:23:41.948526 [debug] [MainThread]: Executing "git --help"
[0m19:23:41.964967 [debug] [MainThread]: STDOUT: "b"usage: git [-v | --version] [-h | --help] [-C <path>] [-c <name>=<value>]\n           [--exec-path[=<path>]] [--html-path] [--man-path] [--info-path]\n           [-p | --paginate | -P | --no-pager] [--no-replace-objects] [--bare]\n           [--git-dir=<path>] [--work-tree=<path>] [--namespace=<name>]\n           [--super-prefix=<path>] [--config-env=<name>=<envvar>]\n           <command> [<args>]\n\nThese are common Git commands used in various situations:\n\nstart a working area (see also: git help tutorial)\n   clone     Clone a repository into a new directory\n   init      Create an empty Git repository or reinitialize an existing one\n\nwork on the current change (see also: git help everyday)\n   add       Add file contents to the index\n   mv        Move or rename a file, a directory, or a symlink\n   restore   Restore working tree files\n   rm        Remove files from the working tree and from the index\n\nexamine the history and state (see also: git help revisions)\n   bisect    Use binary search to find the commit that introduced a bug\n   diff      Show changes between commits, commit and working tree, etc\n   grep      Print lines matching a pattern\n   log       Show commit logs\n   show      Show various types of objects\n   status    Show the working tree status\n\ngrow, mark and tweak your common history\n   branch    List, create, or delete branches\n   commit    Record changes to the repository\n   merge     Join two or more development histories together\n   rebase    Reapply commits on top of another base tip\n   reset     Reset current HEAD to the specified state\n   switch    Switch branches\n   tag       Create, list, delete or verify a tag object signed with GPG\n\ncollaborate (see also: git help workflows)\n   fetch     Download objects and refs from another repository\n   pull      Fetch from and integrate with another repository or a local branch\n   push      Update remote refs along with associated objects\n\n'git help -a' and 'git help -g' list available subcommands and some\nconcept guides. See 'git help <command>' or 'git help <concept>'\nto read about a specific subcommand or concept.\nSee 'git help git' for an overview of the system.\n""
[0m19:23:41.965573 [debug] [MainThread]: STDERR: "b''"
[0m19:23:41.965787 [info ] [MainThread]:  - git [[32mOK found[0m]

[0m19:23:41.965980 [info ] [MainThread]: Connection:
[0m19:23:41.966176 [info ] [MainThread]:   account: sfedu02-etb90388
[0m19:23:41.966312 [info ] [MainThread]:   user: GECKO
[0m19:23:41.966445 [info ] [MainThread]:   database: chancewiese
[0m19:23:41.966731 [info ] [MainThread]:   warehouse: wiese_wh
[0m19:23:41.966865 [info ] [MainThread]:   role: TRAINING_ROLE
[0m19:23:41.966988 [info ] [MainThread]:   schema: dbt_test
[0m19:23:41.967255 [info ] [MainThread]:   authenticator: None
[0m19:23:41.967572 [info ] [MainThread]:   oauth_client_id: None
[0m19:23:41.967768 [info ] [MainThread]:   query_tag: None
[0m19:23:41.967904 [info ] [MainThread]:   client_session_keep_alive: False
[0m19:23:41.968030 [info ] [MainThread]:   host: None
[0m19:23:41.968155 [info ] [MainThread]:   port: None
[0m19:23:41.968281 [info ] [MainThread]:   proxy_host: None
[0m19:23:41.968404 [info ] [MainThread]:   proxy_port: None
[0m19:23:41.968525 [info ] [MainThread]:   protocol: None
[0m19:23:41.968647 [info ] [MainThread]:   connect_retries: 1
[0m19:23:41.968765 [info ] [MainThread]:   connect_timeout: None
[0m19:23:41.968883 [info ] [MainThread]:   retry_on_database_errors: False
[0m19:23:41.969004 [info ] [MainThread]:   retry_all: False
[0m19:23:41.969123 [info ] [MainThread]:   insecure_mode: False
[0m19:23:41.969245 [info ] [MainThread]:   reuse_connections: None
[0m19:23:41.969620 [info ] [MainThread]: Registered adapter: snowflake=1.8.3
[0m19:23:42.168843 [debug] [MainThread]: Acquiring new snowflake connection 'debug'
[0m19:23:42.171505 [debug] [MainThread]: Using snowflake connection "debug"
[0m19:23:42.172048 [debug] [MainThread]: On debug: select 1 as id
[0m19:23:42.172474 [debug] [MainThread]: Opening a new connection, currently in state init
[0m19:23:43.736046 [debug] [MainThread]: SQL status: SUCCESS 1 in 1.563 seconds
[0m19:23:43.740540 [debug] [MainThread]: On debug: Close
[0m19:23:43.865025 [info ] [MainThread]:   Connection test: [[32mOK connection ok[0m]

[0m19:23:43.865778 [info ] [MainThread]: [31m1 check failed:[0m
[0m19:23:43.866219 [info ] [MainThread]: Project loading failed for the following reason:
 project path </Users/chancewiese/Local Documents/school/data-5360/dbt_project.yml> not found

[0m19:23:43.870292 [debug] [MainThread]: Resource report: {"command_name": "debug", "command_wall_clock_time": 2.1360128, "process_user_time": 0.923749, "process_kernel_time": 0.188154, "process_mem_max_rss": "128876544", "command_success": false, "process_in_blocks": "0", "process_out_blocks": "0"}
[0m19:23:43.871156 [debug] [MainThread]: Command `dbt debug` failed at 19:23:43.871001 after 2.14 seconds
[0m19:23:43.871690 [debug] [MainThread]: Connection 'debug' was properly closed.
[0m19:23:43.872378 [debug] [MainThread]: Sending event: {'category': 'dbt', 'action': 'invocation', 'label': 'end', 'context': [<snowplow_tracker.self_describing_json.SelfDescribingJson object at 0x10028dfd0>, <snowplow_tracker.self_describing_json.SelfDescribingJson object at 0x104037650>, <snowplow_tracker.self_describing_json.SelfDescribingJson object at 0x104cff8d0>]}
[0m19:23:43.873037 [debug] [MainThread]: Flushing usage events
[0m22:01:13.997393 [debug] [MainThread]: Sending event: {'category': 'dbt', 'action': 'invocation', 'label': 'start', 'context': [<snowplow_tracker.self_describing_json.SelfDescribingJson object at 0x1081a6850>, <snowplow_tracker.self_describing_json.SelfDescribingJson object at 0x1081a5b90>, <snowplow_tracker.self_describing_json.SelfDescribingJson object at 0x1081cf390>]}


============================== 22:01:14.000787 | 75c26ad9-8f06-412f-b2eb-65f248065170 ==============================
[0m22:01:14.000787 [info ] [MainThread]: Running with dbt=1.8.7
[0m22:01:14.001103 [debug] [MainThread]: running dbt with arguments {'printer_width': '80', 'indirect_selection': 'eager', 'write_json': 'True', 'log_cache_events': 'False', 'partial_parse': 'True', 'cache_selected_only': 'False', 'profiles_dir': '/Users/chancewiese/.dbt', 'debug': 'False', 'version_check': 'True', 'log_path': 'logs', 'fail_fast': 'False', 'warn_error': 'None', 'use_colors': 'True', 'use_experimental_parser': 'False', 'no_print': 'None', 'quiet': 'False', 'empty': 'None', 'log_format': 'default', 'introspect': 'True', 'static_parser': 'True', 'warn_error_options': 'WarnErrorOptions(include=[], exclude=[])', 'target_path': 'None', 'invocation_command': 'dbt init sams_subs_dw', 'send_anonymous_usage_stats': 'True'}
[0m22:01:14.010252 [debug] [MainThread]: Starter project path: /Users/chancewiese/.pyenv/versions/3.11.9/lib/python3.11/site-packages/dbt/include/starter_project
[0m22:01:14.013516 [info ] [MainThread]: 
Your new dbt project "sams_subs_dw" was created!

For more information on how to configure the profiles.yml file,
please consult the dbt documentation here:

  https://docs.getdbt.com/docs/configure-your-profile

One more thing:

Need help? Don't hesitate to reach out to us via GitHub issues or on Slack:

  https://community.getdbt.com/

Happy modeling!

[0m22:01:14.013726 [info ] [MainThread]: Setting up your profile.
[0m22:05:29.628813 [info ] [MainThread]: Profile sams_subs_dw written to /Users/chancewiese/.dbt/profiles.yml using target's profile_template.yml and your supplied values. Run 'dbt debug' to validate the connection.
[0m22:05:29.646511 [debug] [MainThread]: Resource report: {"command_name": "init", "command_success": true, "command_wall_clock_time": 255.65614, "process_user_time": 0.690934, "process_kernel_time": 0.175905, "process_mem_max_rss": "110247936", "process_in_blocks": "0", "process_out_blocks": "0"}
[0m22:05:29.647994 [debug] [MainThread]: Command `dbt init` succeeded at 22:05:29.647740 after 255.66 seconds
[0m22:05:29.649002 [debug] [MainThread]: Sending event: {'category': 'dbt', 'action': 'invocation', 'label': 'end', 'context': [<snowplow_tracker.self_describing_json.SelfDescribingJson object at 0x10442e050>, <snowplow_tracker.self_describing_json.SelfDescribingJson object at 0x10458f890>, <snowplow_tracker.self_describing_json.SelfDescribingJson object at 0x1044cd4d0>]}
[0m22:05:29.649970 [debug] [MainThread]: Flushing usage events
